


ARM Macro Assembler    Page 1 


    1 00000000         ;*******************************************************
                       *****************
    2 00000000                 THUMB
    3 00000000                 REQUIRE8
    4 00000000                 PRESERVE8
    5 00000000         ;*******************************************************
                       *****************
    6 00000000         
    7 00000000                 include          REG_UTILES.inc
    1 00000000         
    2 00000000         ;**************************************
    3 00000000         ;     Les adresess utiles  
    4 00000000         ;***************************************
    5 00000000         
    6 00000000         
    7 00000000         ;**************************************
    8 00000000         ;     Affectation des bits GPIO  
    9 00000000         ;***************************************
   10 00000000         ; GSLCK..... PA0 
   11 00000000         ; DSPRG..... PA1 
   12 00000000         ; BLANK..... PA2 
   13 00000000         ; XLAT...... PA3
   14 00000000         ; VPRG...... PA4
   15 00000000         ; SCLK...... PA5
   16 00000000         ; SIN1...... PA7
   17 00000000         ;Capteur.....PA8
   18 00000000         
   19 00000000         ;LED.........PB10
   20 00000000         ;****************************************/
   21 00000000         
   22 00000000         
   23 00000000         
   24 00000000 40010800 
                       GPIOBASEA
                               EQU              0X40010800
   25 00000000 40010C00 
                       GPIOBASEB
                               EQU              0X40010C00
   26 00000000         
   27 00000000 00000008 
                       OffsetInput
                               EQU              0x08
   28 00000000 0000000C 
                       OffsetOutput
                               EQU              0x0C
   29 00000000 00000010 
                       OffsetSet
                               EQU              0x10
   30 00000000 00000014 
                       OffsetReset
                               EQU              0x14
   31 00000000         
   32 00000000         
   33 00000000 00000080 
                       MaskSerial_In1
                               equ              0x80
   34 00000000 00000080 
                       MaskSerial_Dots
                               equ              0x80



ARM Macro Assembler    Page 2 


   35 00000000 00000010 
                       MaskVprg
                               equ              0x10
   36 00000000 00000008 
                       MaskXlat
                               equ              0x08
   37 00000000 00000004 
                       MaskBlank
                               equ              0x04
   38 00000000 00000020 
                       MaskSclk
                               equ              0x20
   39 00000000 00000002 
                       MaskDsprg
                               equ              0x02
   40 00000000 00000001 
                       MaskGsclk
                               equ              0x01
   41 00000000         
   42 00000000         
   43 00000000 E000ED08 
                       SCB_VTOR
                               EQU              0xE000ED08
   44 00000000 40012C10 
                       TIM1_SR EQU              0x40012c10
   45 00000000 40012C24 
                       TIM1_CNT
                               EQU              0x40012c24
   46 00000000 4000082C 
                       TIM4_ARR
                               EQU              0x4000082C
   47 00000000 40000810 
                       TIM4_SR EQU              0x40000810
   48 00000000         
   49 00000000 000000EF 
                       MILSEC  EQU              239
   50 00000000         
   51 00000000         
   52 00000000         
   53 00000000         
   54 00000000         
   55 00000000                 END
    8 00000000                 include          Lumiere.asm
    1 00000000         ;*******************************************************
                       ********************
    2 00000000                 THUMB
    3 00000000                 REQUIRE8
    4 00000000                 PRESERVE8
    5 00000000         ;*******************************************************
                       *******************
    6 00000000         
    7 00000000         
    8 00000000         ;***************VARIABLES*******************************
                       *******************
    9 00000000                 AREA             MesDonnees, data, readwrite
   10 00000000         ;*******************************************************
                       *******************
   11 00000000         
   12 00000000         



ARM Macro Assembler    Page 3 


   13 00000000         
   14 00000000         ;*******************************************************
                       *******************
   15 00000000         
   16 00000000         
   17 00000000         
   18 00000000         ;***************CODE************************************
                       *******************
   19 00000000                 AREA             moncode, code, readonly
   20 00000000         ;*******************************************************
                       *******************
   21 00000000         
   22 00000000         
   23 00000000         
   24 00000000         
   25 00000000         ;Barrette1 DCB 48 dup(0)   ; Initialiser à 0 
   26 00000000         
   27 00000000         Barrette1
   28 00000000 FF 00 00        DCB              0xFF, 0x00, 0x00
   29 00000003 00 00 00        DCB              0x00, 0x00, 0x00
   30 00000006 00 00 00        DCB              0x00, 0x00, 0x00
   31 00000009 00 00 00        DCB              0x00, 0x00, 0x00
   32 0000000C 00 00 00        DCB              0x00, 0x00, 0x00
   33 0000000F 00 00 00        DCB              0x00, 0x00, 0x00
   34 00000012 00 00 00        DCB              0x00, 0x00, 0x00
   35 00000015 00 00 00        DCB              0x00, 0x00, 0x00
   36 00000018 00 00 FF        DCB              0x00, 0x00, 0xFF
   37 0000001B 00 00 00        DCB              0x00, 0x00, 0x00
   38 0000001E 00 00 00        DCB              0x00, 0x00, 0x00
   39 00000021 00 00 00        DCB              0x00, 0x00, 0x00
   40 00000024 00 00 00        DCB              0x00, 0x00, 0x00
   41 00000027 00 00 00        DCB              0x00, 0x00, 0x00
   42 0000002A 00 00 00        DCB              0x00, 0x00, 0x00
   43 0000002D 00 FF 00        DCB              0x00, 0xFF, 0x00
   44 00000030         
   45 00000030         
   46 00000030         
   47 00000030         BarretteN
   48 00000030 FF 00 00        DCB              0xFF, 0x00, 0x00
   49 00000033 00 00 00        DCB              0x00, 0x00, 0x00
   50 00000036 00 00 00        DCB              0x00, 0x00, 0x00
   51 00000039 00 00 00        DCB              0x00, 0x00, 0x00
   52 0000003C 00 00 00        DCB              0x00, 0x00, 0x00
   53 0000003F 00 00 00        DCB              0x00, 0x00, 0x00
   54 00000042 00 00 00        DCB              0x00, 0x00, 0x00
   55 00000045 FF 00 00        DCB              0xFF, 0x00, 0x00
   56 00000048 00 00 00        DCB              0x00, 0x00, 0x00
   57 0000004B 00 00 00        DCB              0x00, 0x00, 0x00
   58 0000004E 00 00 00        DCB              0x00, 0x00, 0x00
   59 00000051 00 00 00        DCB              0x00, 0x00, 0x00
   60 00000054 00 00 00        DCB              0x00, 0x00, 0x00
   61 00000057 00 00 00        DCB              0x00, 0x00, 0x00
   62 0000005A 00 00 00        DCB              0x00, 0x00, 0x00
   63 0000005D FF 00 00        DCB              0xFF, 0x00, 0x00
   64 00000060                 END
    9 00000060         
   10 00000060         
   11 00000060         ;*******************************************************
                       *****************



ARM Macro Assembler    Page 4 


   12 00000060         ;      IMPORT/EXPORT Syst?me
   13 00000060         ;*******************************************************
                       *****************
   14 00000060         
   15 00000060                 IMPORT           ||Lib$$Request$$armlib|| [CODE,
WEAK]
   16 00000060         
   17 00000060         
   18 00000060         ; IMPORT/EXPORT de proc?dure           
   19 00000060         
   20 00000060                 IMPORT           Init_Cible
   21 00000060                 IMPORT           Driverglobal
   22 00000060                 IMPORT           DriverReg
   23 00000060                 IMPORT           Set_SCLK
   24 00000060                 IMPORT           Reset_SCLK
   25 00000060                 IMPORT           Set_SIN
   26 00000060                 IMPORT           Reset_SIN
   27 00000060                 IMPORT           Tempo
   28 00000060         
   29 00000060         
   30 00000060         
   31 00000060                 EXPORT           main
   32 00000060         
   33 00000060         ;*******************************************************
                       ************************
   34 00000060         
   35 00000060         
   36 00000060         ;*******************************************************
                       ************************
   37 00000060                 AREA             mesdonnees, data, readwrite
   38 00000000         
   39 00000000         
   40 00000000         
   41 00000000         
   42 00000000         ;*******************************************************
                       ************************
   43 00000000         
   44 00000000                 AREA             moncode, code, readonly
   45 00000060         
   46 00000060         
   47 00000060         
   48 00000060         ;*******************************************************
                       ************************
   49 00000060         ; Procédure principale et point d'entr?e du projet
   50 00000060         ;*******************************************************
                       ************************
   51 00000060         main    PROC
   52 00000060         ;*******************************************************
                       ************************
   53 00000060         
   54 00000060         
   55 00000060         
   56 00000060 F04F 0001       MOV              R0,#1
   57 00000064 F7FF FFFE       BL               Init_Cible  ;   ;Initialisation
                                                             de la cible
   58 00000068         
   59 00000068         ;Tempo
   60 00000068 F04F 000A       MOV              R0, #10
   61 0000006C F7FF FFFE       BL               Tempo



ARM Macro Assembler    Page 5 


   62 00000070         
   63 00000070         
   64 00000070         ;BL Driverglobal
   65 00000070         
   66 00000070 4801            LDR              R0, =BarretteN
   67 00000072 F7FF FFFE       BL               DriverReg
   68 00000076         
   69 00000076         
   70 00000076         
   71 00000076 E7FE            B                .           ; boucle inifinie t
                                                            erminale...
   72 00000078         
   73 00000078                 ENDP
   74 00000078         
   75 00000078                 END
              00000000 
Command Line: --debug --xref --diag_suppress=9931 --cpu=Cortex-M3 --apcs=interw
ork --depend=.\objects\principale.d -o.\objects\principale.o -I.\RTE\Device\STM
32F107VC -I.\RTE\_R_el -IC:\Programdata\Keil\Arm\Packs\ARM\CMSIS\5.7.0\CMSIS\Co
re\Include -IC:\Programdata\Keil\Arm\Packs\Keil\STM32F1xx_DFP\2.3.0\Device\Incl
ude --predefine="__EVAL SETA 1" --predefine="__MICROLIB SETA 1" --predefine="__
UVISION_VERSION SETA 534" --predefine="_RTE_ SETA 1" --predefine="STM32F10X_CL 
SETA 1" --predefine="_RTE_ SETA 1" --predefine="STM32F10X_CL SETA 1" --list=.\l
istings\principale.lst Principale.asm



ARM Macro Assembler    Page 1 Alphabetic symbol ordering
Relocatable symbols

MesDonnees 00000000

Symbol: MesDonnees
   Definitions
      At line 9 in file Lumiere.asm
   Uses
      None
Comment: MesDonnees unused
1 symbol



ARM Macro Assembler    Page 1 Alphabetic symbol ordering
Relocatable symbols

Barrette1 00000000

Symbol: Barrette1
   Definitions
      At line 27 in file Lumiere.asm
   Uses
      None
Comment: Barrette1 unused
BarretteN 00000030

Symbol: BarretteN
   Definitions
      At line 47 in file Lumiere.asm
   Uses
      At line 66 in file Principale.asm
Comment: BarretteN used once
main 00000060

Symbol: main
   Definitions
      At line 51 in file Principale.asm
   Uses
      At line 31 in file Principale.asm
Comment: main used once
moncode 00000000

Symbol: moncode
   Definitions
      At line 19 in file Lumiere.asm
   Uses
      None
Comment: moncode unused
4 symbols



ARM Macro Assembler    Page 1 Alphabetic symbol ordering
Relocatable symbols

mesdonnees 00000000

Symbol: mesdonnees
   Definitions
      At line 37 in file Principale.asm
   Uses
      None
Comment: mesdonnees unused
1 symbol



ARM Macro Assembler    Page 1 Alphabetic symbol ordering
Absolute symbols

GPIOBASEA 40010800

Symbol: GPIOBASEA
   Definitions
      At line 24 in file REG_UTILES.inc
   Uses
      None
Comment: GPIOBASEA unused
GPIOBASEB 40010C00

Symbol: GPIOBASEB
   Definitions
      At line 25 in file REG_UTILES.inc
   Uses
      None
Comment: GPIOBASEB unused
MILSEC 000000EF

Symbol: MILSEC
   Definitions
      At line 49 in file REG_UTILES.inc
   Uses
      None
Comment: MILSEC unused
MaskBlank 00000004

Symbol: MaskBlank
   Definitions
      At line 37 in file REG_UTILES.inc
   Uses
      None
Comment: MaskBlank unused
MaskDsprg 00000002

Symbol: MaskDsprg
   Definitions
      At line 39 in file REG_UTILES.inc
   Uses
      None
Comment: MaskDsprg unused
MaskGsclk 00000001

Symbol: MaskGsclk
   Definitions
      At line 40 in file REG_UTILES.inc
   Uses
      None
Comment: MaskGsclk unused
MaskSclk 00000020

Symbol: MaskSclk
   Definitions
      At line 38 in file REG_UTILES.inc
   Uses
      None
Comment: MaskSclk unused
MaskSerial_Dots 00000080

Symbol: MaskSerial_Dots



ARM Macro Assembler    Page 2 Alphabetic symbol ordering
Absolute symbols

   Definitions
      At line 34 in file REG_UTILES.inc
   Uses
      None
Comment: MaskSerial_Dots unused
MaskSerial_In1 00000080

Symbol: MaskSerial_In1
   Definitions
      At line 33 in file REG_UTILES.inc
   Uses
      None
Comment: MaskSerial_In1 unused
MaskVprg 00000010

Symbol: MaskVprg
   Definitions
      At line 35 in file REG_UTILES.inc
   Uses
      None
Comment: MaskVprg unused
MaskXlat 00000008

Symbol: MaskXlat
   Definitions
      At line 36 in file REG_UTILES.inc
   Uses
      None
Comment: MaskXlat unused
OffsetInput 00000008

Symbol: OffsetInput
   Definitions
      At line 27 in file REG_UTILES.inc
   Uses
      None
Comment: OffsetInput unused
OffsetOutput 0000000C

Symbol: OffsetOutput
   Definitions
      At line 28 in file REG_UTILES.inc
   Uses
      None
Comment: OffsetOutput unused
OffsetReset 00000014

Symbol: OffsetReset
   Definitions
      At line 30 in file REG_UTILES.inc
   Uses
      None
Comment: OffsetReset unused
OffsetSet 00000010

Symbol: OffsetSet
   Definitions
      At line 29 in file REG_UTILES.inc
   Uses



ARM Macro Assembler    Page 3 Alphabetic symbol ordering
Absolute symbols

      None
Comment: OffsetSet unused
SCB_VTOR E000ED08

Symbol: SCB_VTOR
   Definitions
      At line 43 in file REG_UTILES.inc
   Uses
      None
Comment: SCB_VTOR unused
TIM1_CNT 40012C24

Symbol: TIM1_CNT
   Definitions
      At line 45 in file REG_UTILES.inc
   Uses
      None
Comment: TIM1_CNT unused
TIM1_SR 40012C10

Symbol: TIM1_SR
   Definitions
      At line 44 in file REG_UTILES.inc
   Uses
      None
Comment: TIM1_SR unused
TIM4_ARR 4000082C

Symbol: TIM4_ARR
   Definitions
      At line 46 in file REG_UTILES.inc
   Uses
      None
Comment: TIM4_ARR unused
TIM4_SR 40000810

Symbol: TIM4_SR
   Definitions
      At line 47 in file REG_UTILES.inc
   Uses
      None
Comment: TIM4_SR unused
20 symbols



ARM Macro Assembler    Page 1 Alphabetic symbol ordering
External symbols

DriverReg 00000000

Symbol: DriverReg
   Definitions
      At line 22 in file Principale.asm
   Uses
      At line 67 in file Principale.asm
Comment: DriverReg used once
Driverglobal 00000000

Symbol: Driverglobal
   Definitions
      At line 21 in file Principale.asm
   Uses
      None
Comment: Driverglobal unused
Init_Cible 00000000

Symbol: Init_Cible
   Definitions
      At line 20 in file Principale.asm
   Uses
      At line 57 in file Principale.asm
Comment: Init_Cible used once
Reset_SCLK 00000000

Symbol: Reset_SCLK
   Definitions
      At line 24 in file Principale.asm
   Uses
      None
Comment: Reset_SCLK unused
Reset_SIN 00000000

Symbol: Reset_SIN
   Definitions
      At line 26 in file Principale.asm
   Uses
      None
Comment: Reset_SIN unused
Set_SCLK 00000000

Symbol: Set_SCLK
   Definitions
      At line 23 in file Principale.asm
   Uses
      None
Comment: Set_SCLK unused
Set_SIN 00000000

Symbol: Set_SIN
   Definitions
      At line 25 in file Principale.asm
   Uses
      None
Comment: Set_SIN unused
Tempo 00000000

Symbol: Tempo



ARM Macro Assembler    Page 2 Alphabetic symbol ordering
External symbols

   Definitions
      At line 27 in file Principale.asm
   Uses
      At line 61 in file Principale.asm
Comment: Tempo used once
|Lib$$Request$$armlib| 00000000

Symbol: |Lib$$Request$$armlib|
   Definitions
      At line 15 in file Principale.asm
   Uses
      None
Comment: |Lib$$Request$$armlib| unused
9 symbols
372 symbols in table
